---- Execute stopdoliwamp.bat 
NET STOP doliwampapache 
NET STOP doliwampmysqld 
---- End script 
---- Execute uninstall_services.bat 
---- End script 
---- Execute install_services.bat 
---- End script 
---- Execute startdoliwamp.bat 
NET START doliwampapache 
El servicio de doliwampapache est  inici ndose.
El servicio de doliwampapache se ha iniciado correctamente.

NET START doliwampmysqld 
El servicio de doliwampmysqld est  inici ndose.
El servicio de doliwampmysqld se ha iniciado correctamente.

---- End script 
---- Execute mysqlinitpassword.bat to init mysql password 
For a first installation, if an error is shown here, rerun the script manually. 
For an update, you will get an "Access denied" error, ignore this error. 
---- End script 
