InnoDB: The first specified data file .\ibdata1 did not exist:
InnoDB: a new database to be created!
150827 17:12:42  InnoDB: Setting file .\ibdata1 size to 10 MB
InnoDB: Database physically writes the file full: wait...
150827 17:12:42  InnoDB: Log file .\ib_logfile0 did not exist: new to be created
InnoDB: Setting log file .\ib_logfile0 size to 10 MB
InnoDB: Database physically writes the file full: wait...
150827 17:12:42  InnoDB: Log file .\ib_logfile1 did not exist: new to be created
InnoDB: Setting log file .\ib_logfile1 size to 10 MB
InnoDB: Database physically writes the file full: wait...
InnoDB: Doublewrite buffer not found: creating new
InnoDB: Doublewrite buffer created
InnoDB: Creating foreign key constraint system tables
InnoDB: Foreign key constraint system tables created
150827 17:12:44  InnoDB: Started; log sequence number 0 0
150827 17:12:44 [Note] doliwampmysqld: ready for connections.
Version: '5.0.45-community-nt'  socket: ''  port: 3306  MySQL Community Edition (GPL)
150828 14:33:44 [Note] doliwampmysqld: Normal shutdown

150828 14:33:44  InnoDB: Starting shutdown...
150828 14:33:48  InnoDB: Shutdown completed; log sequence number 0 6252723
150828 14:33:48 [Note] doliwampmysqld: Shutdown complete

150828 14:35:26  InnoDB: Started; log sequence number 0 6252723
150828 14:35:27 [Note] doliwampmysqld: ready for connections.
Version: '5.0.45-community-nt'  socket: ''  port: 3306  MySQL Community Edition (GPL)
150901 13:08:50 [Note] doliwampmysqld: Normal shutdown

150901 13:08:51  InnoDB: Starting shutdown...
150901 13:08:57  InnoDB: Shutdown completed; log sequence number 0 6252723
150901 13:08:57 [Note] doliwampmysqld: Shutdown complete

150901 13:09:50  InnoDB: Started; log sequence number 0 6252723
150901 13:09:51 [Note] doliwampmysqld: ready for connections.
Version: '5.0.45-community-nt'  socket: ''  port: 3306  MySQL Community Edition (GPL)
150908 10:08:25 [Note] doliwampmysqld: Normal shutdown

150908 10:08:26  InnoDB: Starting shutdown...
150908 10:08:28  InnoDB: Shutdown completed; log sequence number 0 6252723
150908 10:08:28 [Note] doliwampmysqld: Shutdown complete

150908 10:09:21  InnoDB: Started; log sequence number 0 6252723
150908 10:09:21 [Note] doliwampmysqld: ready for connections.
Version: '5.0.45-community-nt'  socket: ''  port: 3306  MySQL Community Edition (GPL)
150908 16:24:19 [Note] doliwampmysqld: Normal shutdown

150908 16:24:20  InnoDB: Starting shutdown...
150908 16:24:31  InnoDB: Shutdown completed; log sequence number 0 6252723
150908 16:24:31 [Note] doliwampmysqld: Shutdown complete

150908 16:25:34  InnoDB: Started; log sequence number 0 6252723
150908 16:25:34 [Note] doliwampmysqld: ready for connections.
Version: '5.0.45-community-nt'  socket: ''  port: 3306  MySQL Community Edition (GPL)
150909 17:48:48 [Note] doliwampmysqld: Normal shutdown

150909 17:48:51  InnoDB: Starting shutdown...
150909 17:48:55  InnoDB: Shutdown completed; log sequence number 0 6252723
150909 17:48:55 [Note] doliwampmysqld: Shutdown complete

150909 17:49:55  InnoDB: Started; log sequence number 0 6252723
150909 17:49:55 [Note] doliwampmysqld: ready for connections.
Version: '5.0.45-community-nt'  socket: ''  port: 3306  MySQL Community Edition (GPL)
150910 18:41:26 [Note] doliwampmysqld: Normal shutdown

150910 18:41:29  InnoDB: Starting shutdown...
150910 18:41:35  InnoDB: Shutdown completed; log sequence number 0 6252723
150910 18:41:35 [Note] doliwampmysqld: Shutdown complete

150910 18:42:19  InnoDB: Started; log sequence number 0 6252723
150910 18:42:19 [Note] doliwampmysqld: ready for connections.
Version: '5.0.45-community-nt'  socket: ''  port: 3306  MySQL Community Edition (GPL)
150921  9:17:40  InnoDB: Database was not shut down normally!
InnoDB: Starting crash recovery.
InnoDB: Reading tablespace information from the .ibd files...
InnoDB: Restoring possible half-written data pages from the doublewrite
InnoDB: buffer...
150921  9:17:41  InnoDB: Starting log scan based on checkpoint at
InnoDB: log sequence number 0 6252733.
InnoDB: Doing recovery: scanned up to log sequence number 0 6252733
150921  9:17:41  InnoDB: Started; log sequence number 0 6252733
150921  9:17:41 [Note] doliwampmysqld: ready for connections.
Version: '5.0.45-community-nt'  socket: ''  port: 3306  MySQL Community Edition (GPL)
150922 10:20:22  InnoDB: Database was not shut down normally!
InnoDB: Starting crash recovery.
InnoDB: Reading tablespace information from the .ibd files...
InnoDB: Restoring possible half-written data pages from the doublewrite
InnoDB: buffer...
150922 10:20:23  InnoDB: Starting log scan based on checkpoint at
InnoDB: log sequence number 0 6253330.
InnoDB: Doing recovery: scanned up to log sequence number 0 6253330
150922 10:20:23  InnoDB: Started; log sequence number 0 6253330
150922 10:20:23 [Note] doliwampmysqld: ready for connections.
Version: '5.0.45-community-nt'  socket: ''  port: 3306  MySQL Community Edition (GPL)
150922 18:58:42 [Note] doliwampmysqld: Normal shutdown

150922 18:58:43  InnoDB: Starting shutdown...
150922 18:58:48  InnoDB: Shutdown completed; log sequence number 0 6253330
150922 18:58:48 [Note] doliwampmysqld: Shutdown complete

150923  9:57:55  InnoDB: Started; log sequence number 0 6253330
150923  9:57:55 [Note] doliwampmysqld: ready for connections.
Version: '5.0.45-community-nt'  socket: ''  port: 3306  MySQL Community Edition (GPL)
151015  9:54:30 [Note] doliwampmysqld: Normal shutdown

151015  9:54:33  InnoDB: Starting shutdown...
151015  9:54:43  InnoDB: Shutdown completed; log sequence number 0 6457159
151015  9:54:43 [Note] doliwampmysqld: Shutdown complete

151015  9:56:55  InnoDB: Started; log sequence number 0 6457159
151015  9:56:56 [Note] doliwampmysqld: ready for connections.
Version: '5.0.45-community-nt'  socket: ''  port: 3306  MySQL Community Edition (GPL)
151028 10:00:07  InnoDB: Database was not shut down normally!
InnoDB: Starting crash recovery.
InnoDB: Reading tablespace information from the .ibd files...
InnoDB: Restoring possible half-written data pages from the doublewrite
InnoDB: buffer...
151028 10:00:10  InnoDB: Starting log scan based on checkpoint at
InnoDB: log sequence number 0 6571232.
InnoDB: Doing recovery: scanned up to log sequence number 0 6571232
151028 10:00:10  InnoDB: Started; log sequence number 0 6571232
151028 10:00:10 [Note] doliwampmysqld: ready for connections.
Version: '5.0.45-community-nt'  socket: ''  port: 3306  MySQL Community Edition (GPL)
